app/build/outputs/mapping/release/seeds.txt
com.myapp.tools.obsidian.SyncWorker
com.myapp.tools.obsidian.SetupActivity
com.myapp.tools.CtsActivity
com.myapp.MainActivity
com.myapp.NotiSnoozer
com.myapp.tools.Sidebar
com.myapp.NotiSnoozer: NotiSnoozer()
com.myapp.tools.Popup$showTempOverlay$v$1: com.myapp.tools.Popup$showTempOverlay$v$1$run$1 getRun()
com.myapp.tools.obsidian.EnergyRing$RingView$State: com.myapp.tools.obsidian.EnergyRing$RingView$State[] values()
com.myapp.MainActivity: MainActivity()
com.myapp.tools.obsidian.SetupActivity: SetupActivity()
com.myapp.tools.Sidebar: Sidebar()
com.myapp.tools.obsidian.SyncWorker: SyncWorker(android.content.Context,androidx.work.WorkerParameters)
com.myapp.tools.obsidian.EnergyRing$RingView$State: com.myapp.tools.obsidian.EnergyRing$RingView$State valueOf(java.lang.String)
com.myapp.tools.CtsActivity: CtsActivity()
...
com.google.api.client.util.DateTime$Rfc3339ParseResult: long serialVersionUID
com.google.api.client.auth.oauth2.Credential$Builder: java.util.Collection refreshListeners
com.google.api.services.drive.Drive$Files$List: java.lang.String teamDriveId
com.google.api.services.drive.model.File$ContentHints$Thumbnail: java.lang.String image
com.google.api.services.drive.Drive$Files$Watch: java.lang.String fileId
com.google.api.client.googleapis.testing.compute.MockMetadataServerTransport: com.google.api.client.json.JsonFactory JSON_FACTORY
com.google.api.services.drive.model.Permission: java.lang.Boolean deleted
com.google.api.client.auth.openidconnect.IdTokenVerifier$Builder: java.lang.String certificatesLocation
org.lsposed.hiddenapibypass.Helper$MethodHandle: java.lang.invoke.MethodType type
com.google.api.services.drive.model.Label: java.lang.String revisionId
com.google.api.services.drive.model.LabelFieldModification: java.util.List setTextValues
com.google.api.services.drive.model.File: java.util.Map properties
com.google.api.client.auth.openidconnect.IdTokenVerifier: java.util.Collection audience
com.google.api.client.http.MultipartContent: java.lang.String NEWLINE
com.google.api.client.auth.oauth.OAuthParameters: java.lang.String timestamp
com.google.android.gms.signin.internal.zag: android.os.Parcelable$Creator CREATOR
com.google.api.client.googleapis.auth.oauth2.GoogleClientSecrets$Details: java.lang.String clientSecret
com.google.api.client.auth.oauth2.CredentialStoreRefreshListener: com.google.api.client.auth.oauth2.CredentialStore credentialStore
org.lsposed.hiddenapibypass.Helper$Class: int clinitThreadId
com.google.android.gms.common.internal.zzk: android.os.Parcelable$Creator CREATOR
com.google.api.client.googleapis.testing.auth.oauth2.MockTokenServerTransport: java.lang.String EXPECTED_GRANT_TYPE
com.google.api.client.json.webtoken.JsonWebSignature$Parser: java.lang.Class payloadClass
com.google.api.services.drive.Drive$Changes$List: java.lang.Boolean includeTeamDriveItems
com.google.api.client.http.HttpHeaders: java.util.List ifMatch
org.apache.http.impl.client.AbstractHttpClient: org.apache.http.protocol.HttpRequestExecutor requestExec
com.google.api.services.drive.Drive$Comments$Update: java.lang.String commentId
com.google.api.services.drive.Drive$Comments$Update: com.google.api.services.drive.Drive$Comments this$1
com.google.api.client.googleapis.json.GoogleJsonError$ErrorInfo: java.lang.String locationType
com.google.api.client.googleapis.json.GoogleJsonError$Details: java.lang.String reason
com.google.api.client.http.OpenCensusUtils: boolean isRecordEvent
com.google.api.client.util.DataMap$EntrySet: com.google.api.client.util.DataMap this$0
com.google.api.services.drive.model.DriveList: java.lang.String nextPageToken
com.google.api.client.auth.oauth.OAuthCredentialsResponse: java.lang.String tokenSecret
com.google.api.services.drive.model.ChangeList: java.lang.String kind
com.google.api.client.http.OpenCensusUtils: io.opencensus.trace.propagation.TextFormat$Setter propagationTextFormatSetter
com.google.api.services.drive.model.File: java.lang.String originalFilename
com.google.api.client.http.apache.v2.HttpExtensionMethod: java.lang.String methodName
com.google.api.client.googleapis.mtls.MtlsUtils$DefaultMtlsProvider: java.lang.String GOOGLE_API_USE_CLIENT_CERTIFICATE
com.google.api.client.util.store.AbstractMemoryDataStore: java.util.HashMap keyValueMap
com.google.api.client.googleapis.batch.BatchUnparsedResponse$FakeLowLevelHttpResponse: int statusCode
com.google.api.client.util.DateTime$SecondsAndNanos: long serialVersionUID
com.google.api.services.drive.model.TeamDrive$Restrictions: java.lang.Boolean adminManagedRestrictions
com.google.api.services.drive.Drive$Files$Update: java.lang.String fileId
com.google.api.client.googleapis.services.CommonGoogleClientRequestInitializer: java.lang.String REQUEST_REASON_HEADER_NAME
com.google.api.client.auth.oauth2.TokenErrorResponse: java.lang.String errorDescription