app/build/outputs/mapping/release/usage.txt
com.myapp.R$drawable:
    private void <init>()
com.myapp.R
com.myapp.tools.FakeLock:
    public static synthetic void lock$default(com.myapp.tools.FakeLock,kotlin.jvm.functions.Function0,int,java.lang.Object)
    private static final kotlin.Unit lock$lambda$0()
com.myapp.tools.obsidian.Config:
    public static final int $stable
com.myapp.tools.obsidian.DriveItem:
    public static final int $stable
    public final java.lang.String component1()
    public final java.lang.String component2()
    public final com.myapp.tools.obsidian.DriveItem copy(java.lang.String,java.lang.String)
    public static synthetic com.myapp.tools.obsidian.DriveItem copy$default(com.myapp.tools.obsidian.DriveItem,java.lang.String,java.lang.String,int,java.lang.Object)
com.myapp.tools.obsidian.EnergyRing$RingView$State:
    public static kotlin.enums.EnumEntries getEntries()
com.myapp.tools.obsidian.EnergyRing:
    private static final int COLOR_SUCCESS
    private static final int COLOR_SYNC
    private static final int SCANNER_COLOR_1
    private static final int SCANNER_COLOR_2
com.myapp.tools.obsidian.Popup$showSyncSlider$5:
    public final float getDY()
    public final void setDY(float)
com.myapp.tools.obsidian.SetupActivityKt$DrivePicker$lambda$22$lambda$21$lambda$20$lambda$17$lambda$16$$inlined$items$default$2
com.myapp.tools.obsidian.SyncWorker$TinyProxy:
    public final boolean isRunning()
    public final void setRunning(boolean)
com.myapp.MainActivity:
    public static final int $stable
    static void <clinit>()
com.myapp.NotiSnoozer:
    public static final int $stable
    static void <clinit>()
com.myapp.R$drawable
com.myapp.tools.Cleaner:
    public static final int $stable
    public static final com.myapp.tools.Cleaner INSTANCE
    public static void clean()
com.myapp.tools.CtsActivity:
    public static final int $stable
    static void <clinit>()
com.myapp.tools.FakeLock
com.myapp.tools.Gallery$$InternalSyntheticLambda$6$df8fb34421ba7b864690bcf4a19fbed122884918bc9e4290fd0f316c4a0984ed$0:
    public final synthetic androidx.dynamicanimation.animation.SpringAnimation f$3
com.myapp.tools.Gallery$$InternalSyntheticLambda$6$df8fb34421ba7b864690bcf4a19fbed122884918bc9e4290fd0f316c4a0984ed$2:
    public final synthetic androidx.dynamicanimation.animation.SpringAnimation f$2
com.myapp.tools.Gallery$openFullscreen$PagerAdapter$VH:
    public final synthetic com.myapp.tools.Gallery$openFullscreen$PagerAdapter this$0
    public static android.widget.ImageView getIv()
com.myapp.tools.Gallery$openFullscreen$PagerAdapter:
    public final int getItemCount()
    public final void onBindViewHolder()
    public static void onBindViewHolder$2()
    public final androidx.recyclerview.widget.RecyclerView$ViewHolder onCreateViewHolder()
    public static com.myapp.tools.Gallery$openFullscreen$PagerAdapter$VH onCreateViewHolder()
com.myapp.tools.Gallery$openFullscreen$fsContainer$1$$InternalSyntheticLambda$9$479ab8dc188f8fadca26b1a5216c4b811196b430b58b24da597906ccee2bc8f8$0:
    public final synthetic int f$1
com.myapp.tools.Gallery$openFullscreen$fsContainer$1$$InternalSyntheticLambda$9$479ab8dc188f8fadca26b1a5216c4b811196b430b58b24da597906ccee2bc8f8$1:
    public final synthetic int f$1
com.myapp.tools.Gallery$openFullscreen$fsContainer$1$$InternalSyntheticLambda$9$479ab8dc188f8fadca26b1a5216c4b811196b430b58b24da597906ccee2bc8f8$2:
    public final synthetic int f$1
com.myapp.tools.Gallery$openFullscreen$fsContainer$1$$InternalSyntheticLambda$9$479ab8dc188f8fadca26b1a5216c4b811196b430b58b24da597906ccee2bc8f8$3:
    public final synthetic int f$1
com.myapp.tools.Gallery$openFullscreen$fsContainer$1$$InternalSyntheticLambda$9$db61a900dcbf0233c4f9f3bae5093f1bdb865f0bc008c09e4a5ab4edd7e9ec76$0:
    public final synthetic int f$1
    public final synthetic com.myapp.tools.Gallery$openFullscreen$fsContainer$1 f$2
...
com.google.common.collect.SortedMultisets$ElementSet
com.google.common.collect.SortedMultisets$NavigableElementSet:
    public final com.google.common.collect.Multiset multiset()
    public static com.google.common.collect.SortedMultiset multiset()
com.google.common.collect.SortedMultisets:
    public static java.lang.Object access$000(com.google.common.collect.Multisets$AbstractEntry)
com.google.common.collect.TransformedIterator:
    public abstract java.lang.Object transform$1()
com.google.common.collect.TreeMultiset$2:
    public static com.google.common.collect.Multisets$AbstractEntry next()
com.google.common.collect.TreeMultiset$3:
    public static com.google.common.collect.Multisets$AbstractEntry next()
com.google.common.collect.TreeMultiset$4
com.google.common.collect.TreeMultiset$Aggregate$1
com.google.common.collect.TreeMultiset$Aggregate$2
com.google.common.collect.TreeMultiset$Aggregate$EnumUnboxingLocalUtility:
    static void <clinit>()
    public static final int _nodeAggregate(int,com.google.common.collect.TreeMultiset$AvlNode)
    public static final int _nodeAggregate$1(int,com.google.common.collect.TreeMultiset$AvlNode)
    public static int _valueOf(java.lang.String)
    public static int[] _values()
    public static synthetic java.lang.String name(int)
    public static synthetic java.lang.String stringValueOf(int)
    public static synthetic int valueOf(java.lang.String)
com.google.common.collect.TreeMultiset$Aggregate
com.google.common.collect.TreeMultiset$AvlNode:
    public static int getCount()
    public static java.lang.Object getElement()
    public static com.google.common.collect.TreeMultiset$AvlNode pred()
    public static com.google.common.collect.TreeMultiset$AvlNode succ()
    public static long totalCount(com.google.common.collect.TreeMultiset$AvlNode)
com.google.common.collect.TreeMultiset$Reference:
    public static void clear()
    public static java.lang.Object get()
com.google.common.collect.TreeMultiset:
    public static com.google.common.collect.TreeMultiset$1 access$1500(com.google.common.collect.TreeMultiset,com.google.common.collect.TreeMultiset$AvlNode)
    public final java.util.Iterator descendingEntryIterator()
    public final int distinctElements()
    public final java.util.Iterator entryIterator()
    public static void successor(com.google.common.collect.TreeMultiset$AvlNode,com.google.common.collect.TreeMultiset$AvlNode,com.google.common.collect.TreeMultiset$AvlNode)
com.google.common.collect.UnmodifiableListIterator
com.google.common.io.BaseEncoding$Alphabet:
    public final boolean ignoreCase
    public static char encode()
    public final boolean isValidPaddingStartPosition(int)
    public static boolean matches()
com.google.common.io.BaseEncoding$Base16Encoding:
    public final com.google.common.io.BaseEncoding$StandardBaseEncoding newInstance(com.google.common.io.BaseEncoding$Alphabet)
com.google.common.io.BaseEncoding$Base64Encoding:
    public final com.google.common.io.BaseEncoding$StandardBaseEncoding newInstance(com.google.common.io.BaseEncoding$Alphabet)
com.google.common.io.BaseEncoding$StandardBaseEncoding:
    public static final com.google.common.io.BaseEncoding$StandardBaseEncoding BASE16
    public static final com.google.common.io.BaseEncoding$StandardBaseEncoding BASE32
    public static final com.google.common.io.BaseEncoding$StandardBaseEncoding BASE32_HEX
    public static byte[] decodeChecked()
    public static java.lang.String encode()
    public static int maxDecodedSize()
    public static int maxEncodedSize()
    public com.google.common.io.BaseEncoding$StandardBaseEncoding newInstance(com.google.common.io.BaseEncoding$Alphabet)
    public static com.google.common.io.BaseEncoding$StandardBaseEncoding omitPadding()
com.google.common.io.BaseEncoding
com.google.common.io.ByteStreams:
    public static final java.io.OutputStream NULL_OUTPUT_STREAM